<?xml version="1.0" encoding="UTF-8"?>
<!-- Generated by org.testng.reporters.JUnitReportReporter -->
<testsuite hostname="DESKTOP-0DVVPP6" failures="0" tests="3" name="qa.testceses.StandAloneTestCases" time="48.795" errors="0" timestamp="2024-08-10T19:01:51 IST" skipped="0">
  <testcase classname="qa.testceses.StandAloneTestCases" name="submitIrder" time="24.784"/>
  <testcase classname="qa.testceses.StandAloneTestCases" name="submitIrder" time="14.110"/>
  <testcase classname="qa.testceses.StandAloneTestCases" name="orderHistoryTest" time="9.901"/>
</testsuite> <!-- qa.testceses.StandAloneTestCases -->
