<?xml version="1.0" encoding="UTF-8"?>
<!-- Generated by org.testng.reporters.JUnitReportReporter -->
<testsuite hostname="DESKTOP-0DVVPP6" failures="0" tests="3" name="qa.testceses.StandAloneTestCases" time="91.535" errors="0" timestamp="2024-08-29T11:52:13 IST" skipped="0">
  <testcase classname="qa.testceses.StandAloneTestCases" name="submitIrder" time="32.549"/>
  <testcase classname="qa.testceses.StandAloneTestCases" name="submitIrder" time="31.394"/>
  <testcase classname="qa.testceses.StandAloneTestCases" name="orderHistoryTest" time="27.592"/>
</testsuite> <!-- qa.testceses.StandAloneTestCases -->
